<?xml version="1.0" encoding="UTF-8"?>
<!-- Generated by org.testng.reporters.JUnitReportReporter -->
<testsuite skipped="0" hostname="WIN-GLF10487UOQ" name="Assignment.Project6.NewTest" tests="3" failures="0" timestamp="2022-02-05T02:22:37 PST" time="12.193" errors="0">
  <testcase name="BankUserLogin" time="3.036" classname="Assignment.Project6.NewTest"/>
  <testcase name="CustomerTransaction" time="3.591" classname="Assignment.Project6.NewTest"/>
  <testcase name="CustomerRegistration" time="5.566" classname="Assignment.Project6.NewTest"/>
</testsuite> <!-- Assignment.Project6.NewTest -->
