<?xml version="1.0" encoding="UTF-8"?>
<!-- Generated by org.testng.reporters.JUnitReportReporter -->
<testsuite hostname="WIN-GLF10487UOQ" failures="0" tests="3" name="Assignment.Project6.NewTest" time="11.173" errors="0" timestamp="2022-02-05T02:09:29 PST" skipped="0">
  <testcase classname="Assignment.Project6.NewTest" name="CustomerRegistration" time="5.524"/>
  <system-out/>
  <testcase classname="Assignment.Project6.NewTest" name="BankUserLogin" time="1.206"/>
  <system-out/>
  <testcase classname="Assignment.Project6.NewTest" name="CustomerTransaction" time="4.443"/>
  <system-out/>
</testsuite> <!-- Assignment.Project6.NewTest -->
